This is pdfTeX, Version 3.1415926-2.5-1.40.14 (TeX Live 2013/Debian) (format=pdflatex 2015.12.3)  8 NOV 2016 23:44
entering extended mode
 restricted \write18 enabled.
 %&-line parsing enabled.
**Coprime_giuliano.tex
(./Coprime_giuliano.tex
LaTeX2e <2011/06/27>
Babel <3.9f> and hyphenation patterns for 66 languages loaded.
(/usr/share/texlive/texmf-dist/tex/latex/revtex4/revtex4.cls
Document Class: revtex4 2001/08/02 v4.0 (http://publish.aps.org/revtex4/ for do
cumentation)
 Copyright (c) 2001 The American Physical Society.
 mailto:revtex@aps.org
 Licensed under the LPPL:
http://www.ctan.org/tex-archive/macros/latex/base/lppl.txt
 Arthur Ogawa <ogawa@teleport.com>
 Based on work by David Carlisle <david@dcarlisle.demon.co.uk>.
ltxutil: portions licensed from W. E. Baxter (web@superscript.com)
Class revtex4 Info: Repairing broken LateX \@sect on input line 596.
\intertabularlinepenalty=\count79
\@tbpen=\count80
\@arstrutbox@hline=\box26
Class revtex4 Info: Repairing broken LaTeX \@xbitor on input line 1610.
ltxgrid: portions licensed from W. E. Baxter (web@superscript.com)
\c@linecount=\count81
\output=\toks14
\@protection@box=\box27
\@topmark@saved=\toks15
\footins@saved=\box28
\pagesofar=\box29
\footbox=\box30
\pagegrid@col=\count82
Class revtex4 Info: Incorporating package {textcase}  [1998/11/12 v0.06 Text on
ly upper/lower case changing (DPC)]. on input line 3682.
(/usr/share/texlive/texmf-dist/tex/latex/url/url.sty
\Urlmuskip=\muskip10
Package: url 2006/04/12  ver 3.3  Verb mode for urls, etc.
)
\c@affil=\count83
\absbox=\box31
\c@part=\count84
\c@section=\count85
\c@subsection=\count86
\c@subsubsection=\count87
\c@paragraph=\count88
\c@subparagraph=\count89
\abovecaptionskip=\skip41
\belowcaptionskip=\skip42
\c@figure=\count90
\c@table=\count91

(/usr/share/texlive/texmf-dist/tex/latex/natbib/natbib.sty
Package: natbib 2010/09/13 8.31b (PWD, AO)
\bibhang=\skip43
\bibsep=\skip44
LaTeX Info: Redefining \cite on input line 694.
\c@NAT@ctr=\count92
)
\widetext@top=\box32
\widetext@bot=\box33

(/usr/share/texlive/texmf-dist/tex/latex/revtex4/revsymb.sty
Package: revsymb 2001/08/02 v4.0 (http://publish.aps.org/revtex4/ for documenta
tion)
LaTeX Info: Redefining \REV@mathfrak on input line 118.
))
(/usr/share/texlive/texmf-dist/tex/latex/revtex4/aps.rtx
File: aps.rtx 2001/08/02 v4.0 (http://publish.aps.org/revtex4/ for documentatio
n)
)
(/usr/share/texlive/texmf-dist/tex/latex/revtex4/10pt.rtx
File: 10pt.rtx 2001/08/02 v4.0 (http://publish.aps.org/revtex4/ for documentati
on)
)
(/usr/share/texlive/texmf-dist/tex/latex/amsmath/amsmath.sty
Package: amsmath 2013/01/14 v2.14 AMS math features
\@mathmargin=\skip45

For additional information on amsmath, use the `?' option.
(/usr/share/texlive/texmf-dist/tex/latex/amsmath/amstext.sty
Package: amstext 2000/06/29 v2.01

(/usr/share/texlive/texmf-dist/tex/latex/amsmath/amsgen.sty
File: amsgen.sty 1999/11/30 v2.0
\@emptytoks=\toks16
\ex@=\dimen102
))
(/usr/share/texlive/texmf-dist/tex/latex/amsmath/amsbsy.sty
Package: amsbsy 1999/11/29 v1.2d
\pmbraise@=\dimen103
)
(/usr/share/texlive/texmf-dist/tex/latex/amsmath/amsopn.sty
Package: amsopn 1999/12/14 v2.01 operator names
)
\inf@bad=\count93
LaTeX Info: Redefining \frac on input line 210.
\uproot@=\count94
\leftroot@=\count95
LaTeX Info: Redefining \overline on input line 306.
\classnum@=\count96
\DOTSCASE@=\count97
LaTeX Info: Redefining \ldots on input line 378.
LaTeX Info: Redefining \dots on input line 381.
LaTeX Info: Redefining \cdots on input line 466.
\Mathstrutbox@=\box34
\strutbox@=\box35
\big@size=\dimen104
LaTeX Font Info:    Redeclaring font encoding OML on input line 566.
LaTeX Font Info:    Redeclaring font encoding OMS on input line 567.
\macc@depth=\count98
\c@MaxMatrixCols=\count99
\dotsspace@=\muskip11
\c@parentequation=\count100
\dspbrk@lvl=\count101
\tag@help=\toks17
\row@=\count102
\column@=\count103
\maxfields@=\count104
\andhelp@=\toks18
\eqnshift@=\dimen105
\alignsep@=\dimen106
\tagshift@=\dimen107
\tagwidth@=\dimen108
\totwidth@=\dimen109
\lineht@=\dimen110
\@envbody=\toks19
\multlinegap=\skip46
\multlinetaggap=\skip47
\mathdisplay@stack=\toks20
LaTeX Info: Redefining \[ on input line 2665.
LaTeX Info: Redefining \] on input line 2666.
)
(/usr/share/texlive/texmf-dist/tex/latex/amsfonts/amsfonts.sty
Package: amsfonts 2013/01/14 v3.01 Basic AMSFonts support
\symAMSa=\mathgroup4
\symAMSb=\mathgroup5
LaTeX Font Info:    Overwriting math alphabet `\mathfrak' in version `bold'
(Font)                  U/euf/m/n --> U/euf/b/n on input line 106.
LaTeX Info: Redefining \frak on input line 111.
LaTeX Info: Redefining \Bbb on input line 113.
)
(/usr/share/texlive/texmf-dist/tex/latex/psfrag/psfrag.sty
Package: psfrag 1998/04/11 v3.04 PSfrag (MCG)

(/usr/share/texlive/texmf-dist/tex/latex/graphics/graphics.sty
Package: graphics 2009/02/05 v1.0o Standard LaTeX Graphics (DPC,SPQR)

(/usr/share/texlive/texmf-dist/tex/latex/graphics/trig.sty
Package: trig 1999/03/16 v1.09 sin cos tan (DPC)
)
(/usr/share/texlive/texmf-dist/tex/latex/latexconfig/graphics.cfg
File: graphics.cfg 2010/04/23 v1.9 graphics configuration of TeX Live
)
Package graphics Info: Driver file: pdftex.def on input line 91.

(/usr/share/texlive/texmf-dist/tex/latex/pdftex-def/pdftex.def
File: pdftex.def 2011/05/27 v0.06d Graphics/color for pdfTeX

(/usr/share/texlive/texmf-dist/tex/generic/oberdiek/infwarerr.sty
Package: infwarerr 2010/04/08 v1.3 Providing info/warning/error messages (HO)
)
(/usr/share/texlive/texmf-dist/tex/generic/oberdiek/ltxcmds.sty
Package: ltxcmds 2011/11/09 v1.22 LaTeX kernel commands for general use (HO)
)
\Gread@gobject=\count105
))
\pfg@pcount=\count106
\pfg@scount=\count107
\pfg@temp=\write3
)
(/usr/share/texlive/texmf-dist/tex/latex/tools/array.sty
Package: array 2008/09/09 v2.4c Tabular extension package (FMi)
\col@sep=\dimen111
\extrarowheight=\dimen112
\NC@list=\toks21
\extratabsurround=\skip48
\backup@length=\skip49
)
(/usr/share/texlive/texmf-dist/tex/latex/float/float.sty
Package: float 2001/11/08 v1.3d Float enhancements (AL)
\c@float@type=\count108
\float@exts=\toks22
\float@box=\box36
\@float@everytoks=\toks23
\@floatcapt=\box37
)
(/usr/share/texlive/texmf-dist/tex/latex/subfigure/subfigure.sty
Package: subfigure 2002/03/15 v2.1.5 subfigure package
\subfigtopskip=\skip50
\subfigcapskip=\skip51
\subfigcaptopadj=\dimen113
\subfigbottomskip=\skip52
\subfigcapmargin=\dimen114
\subfiglabelskip=\skip53
\c@subfigure=\count109
\c@lofdepth=\count110
\c@subtable=\count111
\c@lotdepth=\count112

****************************************
* Local config file subfigure.cfg used *
****************************************
(/usr/share/texlive/texmf-dist/tex/latex/subfigure/subfigure.cfg)
\subfig@top=\skip54
\subfig@bottom=\skip55
)
(/usr/share/texlive/texmf-dist/tex/latex/enumitem/enumitem.sty
Package: enumitem 2011/09/28 v3.5.2 Customized lists
\enitkv@toks@=\toks24
\labelindent=\skip56
\enit@outerparindent=\dimen115
\enit@toks=\toks25
\enit@inbox=\box38
\enitdp@description=\count113
)
(/usr/share/texlive/texmf-dist/tex/latex/graphics/color.sty
Package: color 2005/11/14 v1.0j Standard LaTeX Color (DPC)

(/usr/share/texlive/texmf-dist/tex/latex/latexconfig/color.cfg
File: color.cfg 2007/01/18 v1.5 color configuration of teTeX/TeXLive
)
Package color Info: Driver file: pdftex.def on input line 130.
)
(/usr/share/texlive/texmf-dist/tex/latex/graphics/epsfig.sty
Package: epsfig 1999/02/16 v1.7a (e)psfig emulation (SPQR)

(/usr/share/texlive/texmf-dist/tex/latex/graphics/graphicx.sty
Package: graphicx 1999/02/16 v1.0f Enhanced LaTeX Graphics (DPC,SPQR)

(/usr/share/texlive/texmf-dist/tex/latex/graphics/keyval.sty
Package: keyval 1999/03/16 v1.13 key=value parser (DPC)
\KV@toks@=\toks26
)
\Gin@req@height=\dimen116
\Gin@req@width=\dimen117
)
\epsfxsize=\dimen118
\epsfysize=\dimen119
)
(/usr/share/texlive/texmf-dist/tex/latex/amsfonts/amssymb.sty
Package: amssymb 2013/01/14 v3.01 AMS font symbols
)
(./Coprime_giuliano.aux

LaTeX Warning: Label `f1d' multiply defined.

)
\openout1 = `Coprime_giuliano.aux'.

LaTeX Font Info:    Checking defaults for OML/cmm/m/it on input line 101.
LaTeX Font Info:    ... okay on input line 101.
LaTeX Font Info:    Checking defaults for T1/cmr/m/n on input line 101.
LaTeX Font Info:    ... okay on input line 101.
LaTeX Font Info:    Checking defaults for OT1/cmr/m/n on input line 101.
LaTeX Font Info:    ... okay on input line 101.
LaTeX Font Info:    Checking defaults for OMS/cmsy/m/n on input line 101.
LaTeX Font Info:    ... okay on input line 101.
LaTeX Font Info:    Checking defaults for OMX/cmex/m/n on input line 101.
LaTeX Font Info:    ... okay on input line 101.
LaTeX Font Info:    Checking defaults for U/cmr/m/n on input line 101.
LaTeX Font Info:    ... okay on input line 101.
Class revtex4 Info: Patching array package. on input line 101.
Class revtex4 Info: cite was not loaded (OK!) on input line 101.
Class revtex4 Info: multicol was not loaded (OK!) on input line 101.
 (/usr/share/texlive/texmf-dist/tex/context/base/supp-pdf.mkii
[Loading MPS to PDF converter (version 2006.09.02).]
\scratchcounter=\count114
\scratchdimen=\dimen120
\scratchbox=\box39
\nofMPsegments=\count115
\nofMParguments=\count116
\everyMPshowfont=\toks27
\MPscratchCnt=\count117
\MPscratchDim=\dimen121
\MPnumerator=\count118
\makeMPintoPDFobject=\count119
\everyMPtoPDFconversion=\toks28
) (/usr/share/texlive/texmf-dist/tex/generic/oberdiek/pdftexcmds.sty
Package: pdftexcmds 2011/11/29 v0.20 Utility functions of pdfTeX for LuaTeX (HO
)

(/usr/share/texlive/texmf-dist/tex/generic/oberdiek/ifluatex.sty
Package: ifluatex 2010/03/01 v1.3 Provides the ifluatex switch (HO)
Package ifluatex Info: LuaTeX not detected.
)
(/usr/share/texlive/texmf-dist/tex/generic/oberdiek/ifpdf.sty
Package: ifpdf 2011/01/30 v2.3 Provides the ifpdf switch (HO)
Package ifpdf Info: pdfTeX in PDF mode is detected.
)
Package pdftexcmds Info: LuaTeX not detected.
Package pdftexcmds Info: \pdf@primitive is available.
Package pdftexcmds Info: \pdf@ifprimitive is available.
Package pdftexcmds Info: \pdfdraftmode found.
)
(/usr/share/texlive/texmf-dist/tex/latex/oberdiek/epstopdf-base.sty
Package: epstopdf-base 2010/02/09 v2.5 Base part for package epstopdf

(/usr/share/texlive/texmf-dist/tex/latex/oberdiek/grfext.sty
Package: grfext 2010/08/19 v1.1 Manage graphics extensions (HO)

(/usr/share/texlive/texmf-dist/tex/generic/oberdiek/kvdefinekeys.sty
Package: kvdefinekeys 2011/04/07 v1.3 Define keys (HO)
))
(/usr/share/texlive/texmf-dist/tex/latex/oberdiek/kvoptions.sty
Package: kvoptions 2011/06/30 v3.11 Key value format for package options (HO)

(/usr/share/texlive/texmf-dist/tex/generic/oberdiek/kvsetkeys.sty
Package: kvsetkeys 2012/04/25 v1.16 Key value parser (HO)

(/usr/share/texlive/texmf-dist/tex/generic/oberdiek/etexcmds.sty
Package: etexcmds 2011/02/16 v1.5 Avoid name clashes with e-TeX commands (HO)
Package etexcmds Info: Could not find \expanded.
(etexcmds)             That can mean that you are not using pdfTeX 1.50 or
(etexcmds)             that some package has redefined \expanded.
(etexcmds)             In the latter case, load this package earlier.
)))
Package grfext Info: Graphics extension search list:
(grfext)             [.png,.pdf,.jpg,.mps,.jpeg,.jbig2,.jb2,.PNG,.PDF,.JPG,.JPE
G,.JBIG2,.JB2,.eps]
(grfext)             \AppendGraphicsExtensions on input line 452.

(/usr/share/texlive/texmf-dist/tex/latex/latexconfig/epstopdf-sys.cfg
File: epstopdf-sys.cfg 2010/07/13 v1.3 Configuration of (r)epstopdf for TeX Liv
e
))
LaTeX Font Info:    Try loading font information for U+msa on input line 122.

(/usr/share/texlive/texmf-dist/tex/latex/amsfonts/umsa.fd
File: umsa.fd 2013/01/14 v3.01 AMS symbols A
)
LaTeX Font Info:    Try loading font information for U+msb on input line 122.

(/usr/share/texlive/texmf-dist/tex/latex/amsfonts/umsb.fd
File: umsb.fd 2013/01/14 v3.01 AMS symbols B
) [1
Non-PDF special ignored!{/var/lib/texmf/fonts/map/pdftex/updmap/pdftex.map}]
<Figures/Coprimechainmodel.jpg, id=23, 722.7pt x 542.025pt>
File: Figures/Coprimechainmodel.jpg Graphic file (type jpg)

<use Figures/Coprimechainmodel.jpg>
Package pdftex.def Info: Figures/Coprimechainmodel.jpg used on input line 227.
(pdftex.def)             Requested size: 227.61862pt x 142.26302pt.
 [2 <./Figures/Coprimechainmodel.jpg>]
[3] <Figures/PrimeBox.jpg, id=36, 722.7pt x 542.025pt>
File: Figures/PrimeBox.jpg Graphic file (type jpg)

<use Figures/PrimeBox.jpg>
Package pdftex.def Info: Figures/PrimeBox.jpg used on input line 364.
(pdftex.def)             Requested size: 170.71672pt x 142.26302pt.
 [4 <./Figures/PrimeBox.jpg>]
\@endnoteout=\write4
\openout4 = `Coprime_giuliano.end'.


<Figures/NumberClasses.pdf, id=40, 361.35pt x 221.82875pt>
File: Figures/NumberClasses.pdf Graphic file (type pdf)

<use Figures/NumberClasses.pdf>
Package pdftex.def Info: Figures/NumberClasses.pdf used on input line 438.
(pdftex.def)             Requested size: 284.53156pt x 170.71387pt.
 [5]
Package epstopdf Info: Source file: <Figures/ratio.eps>
(epstopdf)                    date: 2016-06-23 03:20:10
(epstopdf)                    size: 317353 bytes
(epstopdf)             Output file: <Figures/ratio-eps-converted-to.pdf>
(epstopdf)                    date: 2016-06-23 03:20:30
(epstopdf)                    size: 21481 bytes
(epstopdf)             Command: <epstopdf --outfile=Figures/ratio-eps-converted
-to.pdf Figures/ratio.eps>
(epstopdf)             \includegraphics on input line 455.
Package epstopdf Info: Output file is already uptodate.

<Figures/ratio-eps-converted-to.pdf, id=44, 260.975pt x 161.60374pt>
File: Figures/ratio-eps-converted-to.pdf Graphic file (type pdf)

<use Figures/ratio-eps-converted-to.pdf>
Package pdftex.def Info: Figures/ratio-eps-converted-to.pdf used on input line 
455.
(pdftex.def)             Requested size: 227.62383pt x 170.7246pt.
 [6 <./Figures/NumberClasses.pdf> <./Figures/ratio-eps-converted-to.pdf>]
<Figures/Comparison.jpg, id=59, 722.7pt x 542.025pt>
File: Figures/Comparison.jpg Graphic file (type jpg)

<use Figures/Comparison.jpg>
Package pdftex.def Info: Figures/Comparison.jpg used on input line 507.
(pdftex.def)             Requested size: 483.69922pt x 355.66994pt.

Overfull \hbox (28.45514pt too wide) in paragraph at lines 507--508
 [][] 
 []

<Figures/Fourier.jpg, id=60, 722.7pt x 542.025pt>
File: Figures/Fourier.jpg Graphic file (type jpg)
 <use Figures/Fourier.jpg>
Package pdftex.def Info: Figures/Fourier.jpg used on input line 523.
(pdftex.def)             Requested size: 483.69922pt x 355.66994pt.

Overfull \hbox (28.45514pt too wide) in paragraph at lines 523--524
 [][] 
 []

[7] [8 <./Figures/Comparison.jpg>] [9 <./Figures/Fourier.jpg>] [10]
Package epstopdf Info: Source file: <Figures/Incidence.eps>
(epstopdf)                    date: 2016-06-23 12:44:44
(epstopdf)                    size: 436274 bytes
(epstopdf)             Output file: <Figures/Incidence-eps-converted-to.pdf>
(epstopdf)                    date: 2016-06-23 12:45:50
(epstopdf)                    size: 10624 bytes
(epstopdf)             Command: <epstopdf --outfile=Figures/Incidence-eps-conve
rted-to.pdf Figures/Incidence.eps>
(epstopdf)             \includegraphics on input line 685.
Package epstopdf Info: Output file is already uptodate.

<Figures/Incidence-eps-converted-to.pdf, id=74, 260.975pt x 254.9525pt>
File: Figures/Incidence-eps-converted-to.pdf Graphic file (type pdf)

<use Figures/Incidence-eps-converted-to.pdf>
Package pdftex.def Info: Figures/Incidence-eps-converted-to.pdf used on input l
ine 685.
(pdftex.def)             Requested size: 227.62383pt x 227.63448pt.
 [11 <./Figures/Incidence-eps-converted-to.pdf>]
Package epstopdf Info: Source file: <Figures/maxdegree2000.eps>
(epstopdf)                    date: 2016-07-01 17:02:02
(epstopdf)                    size: 347922 bytes
(epstopdf)             Output file: <Figures/maxdegree2000-eps-converted-to.pdf
>
(epstopdf)                    date: 2016-07-01 17:02:06
(epstopdf)                    size: 32095 bytes
(epstopdf)             Command: <epstopdf --outfile=Figures/maxdegree2000-eps-c
onverted-to.pdf Figures/maxdegree2000.eps>
(epstopdf)             \includegraphics on input line 718.
Package epstopdf Info: Output file is already uptodate.

<Figures/maxdegree2000-eps-converted-to.pdf, id=80, 260.975pt x 160.6pt>
File: Figures/maxdegree2000-eps-converted-to.pdf Graphic file (type pdf)

<use Figures/maxdegree2000-eps-converted-to.pdf>
Package pdftex.def Info: Figures/maxdegree2000-eps-converted-to.pdf used on inp
ut line 718.
(pdftex.def)             Requested size: 227.62383pt x 170.72038pt.
 [12 <./Figures/maxdegree2000-eps-converted-to.pdf>] <Figures/MinMax.jpg, id=86
, 722.7pt x 542.025pt>
File: Figures/MinMax.jpg Graphic file (type jpg)

<use Figures/MinMax.jpg>
Package pdftex.def Info: Figures/MinMax.jpg used on input line 797.
(pdftex.def)             Requested size: 398.33534pt x 284.5343pt.
 [13]
<Figures/Brattellidiagram.jpg, id=91, 722.7pt x 542.025pt>
File: Figures/Brattellidiagram.jpg Graphic file (type jpg)

<use Figures/Brattellidiagram.jpg>
Package pdftex.def Info: Figures/Brattellidiagram.jpg used on input line 858.
(pdftex.def)             Requested size: 227.61862pt x 170.71396pt.
 [14 <./Figures/MinMax.jpg>] [15 <./Figures/Brattellidiagram.jpg>] [16] [17] <F
igures/f1d.pdf, id=104, 578.16pt x 433.62pt>
File: Figures/f1d.pdf Graphic file (type pdf)

<use Figures/f1d.pdf>
Package pdftex.def Info: Figures/f1d.pdf used on input line 1096.
(pdftex.def)             Requested size: 289.07928pt x 216.80946pt.
 [18] [19 <./Figures/f1d.pdf>]
<Figures/gap2.pdf, id=149, 578.16pt x 433.62pt>
File: Figures/gap2.pdf Graphic file (type pdf)
 <use Figures/gap2.pdf>
Package pdftex.def Info: Figures/gap2.pdf used on input line 1180.
(pdftex.def)             Requested size: 260.16959pt x 195.1272pt.

Overfull \hbox (23.44073pt too wide) in paragraph at lines 1180--1180
[][] 
 []

<Figures/gap22.pdf, id=150, 578.16pt x 433.62pt>
File: Figures/gap22.pdf Graphic file (type pdf)
 <use Figures/gap22.pdf>
Package pdftex.def Info: Figures/gap22.pdf used on input line 1180.
(pdftex.def)             Requested size: 260.16959pt x 195.1272pt.

Overfull \hbox (18.8908pt too wide) in paragraph at lines 1180--1180
[][] 
 []

[20] <Figures/ee21_35.pdf, id=154, 578.16pt x 433.62pt>
File: Figures/ee21_35.pdf Graphic file (type pdf)

<use Figures/ee21_35.pdf>
Package pdftex.def Info: Figures/ee21_35.pdf used on input line 1201.
(pdftex.def)             Requested size: 185.01497pt x 138.76123pt.

Overfull \hbox (34.7836pt too wide) in paragraph at lines 1201--1201
[][] 
 []

<Figures/ee21_50.pdf, id=155, 578.16pt x 433.62pt>
File: Figures/ee21_50.pdf Graphic file (type pdf)
 <use Figures/ee21_50.pdf>
Package pdftex.def Info: Figures/ee21_50.pdf used on input line 1201.
(pdftex.def)             Requested size: 185.01497pt x 138.76123pt.

Overfull \hbox (34.7836pt too wide) in paragraph at lines 1201--1201
[][] 
 []

<Figures/ee21_65.pdf, id=156, 578.16pt x 433.62pt>
File: Figures/ee21_65.pdf Graphic file (type pdf)
 <use Figures/ee21_65.pdf>
Package pdftex.def Info: Figures/ee21_65.pdf used on input line 1201.
(pdftex.def)             Requested size: 185.01497pt x 138.76123pt.

Overfull \hbox (34.7836pt too wide) in paragraph at lines 1201--1201
[][] 
 []

<Figures/ee23_35.pdf, id=157, 578.16pt x 433.62pt>
File: Figures/ee23_35.pdf Graphic file (type pdf)
 <use Figures/ee23_35.pdf>
Package pdftex.def Info: Figures/ee23_35.pdf used on input line 1214.
(pdftex.def)             Requested size: 185.01497pt x 138.76123pt.

Overfull \hbox (34.7836pt too wide) in paragraph at lines 1214--1214
[][] 
 []

<Figures/ee23_50.pdf, id=158, 578.16pt x 433.62pt>
File: Figures/ee23_50.pdf Graphic file (type pdf)
 <use Figures/ee23_50.pdf>
Package pdftex.def Info: Figures/ee23_50.pdf used on input line 1214.
(pdftex.def)             Requested size: 185.01497pt x 138.76123pt.

Overfull \hbox (34.7836pt too wide) in paragraph at lines 1214--1214
[][] 
 []

<Figures/ee23_65.pdf, id=159, 578.16pt x 433.62pt>
File: Figures/ee23_65.pdf Graphic file (type pdf)
 <use Figures/ee23_65.pdf>
Package pdftex.def Info: Figures/ee23_65.pdf used on input line 1214.
(pdftex.def)             Requested size: 185.01497pt x 138.76123pt.

Overfull \hbox (34.7836pt too wide) in paragraph at lines 1214--1214
[][] 
 []

<Figures/ee221_50.pdf, id=160, 578.16pt x 433.62pt>
File: Figures/ee221_50.pdf Graphic file (type pdf)
 <use Figures/ee221_50.pdf>
Package pdftex.def Info: Figures/ee221_50.pdf used on input line 1227.
(pdftex.def)             Requested size: 260.16959pt x 195.1272pt.

Overfull \hbox (23.44073pt too wide) in paragraph at lines 1227--1227
[][] 
 []

<Figures/ee223_50.pdf, id=161, 578.16pt x 433.62pt>
File: Figures/ee223_50.pdf Graphic file (type pdf)
 <use Figures/ee223_50.pdf>
Package pdftex.def Info: Figures/ee223_50.pdf used on input line 1227.
(pdftex.def)             Requested size: 260.16959pt x 195.1272pt.

Overfull \hbox (18.8908pt too wide) in paragraph at lines 1227--1227
[][] 
 []

[21 <./Figures/gap2.pdf> <./Figures/gap22.pdf

pdfTeX warning: pdflatex (file ./Figures/gap22.pdf): PDF inclusion: multiple pd
fs with page group included in a single page
> <./Figures/ee21_35.pdf

pdfTeX warning: pdflatex (file ./Figures/ee21_35.pdf): PDF inclusion: multiple 
pdfs with page group included in a single page
> <./Figures/ee21_50.pdf

pdfTeX warning: pdflatex (file ./Figures/ee21_50.pdf): PDF inclusion: multiple 
pdfs with page group included in a single page
> <./Figures/ee21_65.pdf

pdfTeX warning: pdflatex (file ./Figures/ee21_65.pdf): PDF inclusion: multiple 
pdfs with page group included in a single page
> <./Figures/ee23_35.pdf

pdfTeX warning: pdflatex (file ./Figures/ee23_35.pdf): PDF inclusion: multiple 
pdfs with page group included in a single page
> <./Figures/ee23_50.pdf

pdfTeX warning: pdflatex (file ./Figures/ee23_50.pdf): PDF inclusion: multiple 
pdfs with page group included in a single page
> <./Figures/ee23_65.pdf

pdfTeX warning: pdflatex (file ./Figures/ee23_65.pdf): PDF inclusion: multiple 
pdfs with page group included in a single page
>] <Figures/gap3.pdf, id=457, 578.16pt x 433.62pt>
File: Figures/gap3.pdf Graphic file (type pdf)
 <use Figures/gap3.pdf>
Package pdftex.def Info: Figures/gap3.pdf used on input line 1275.
(pdftex.def)             Requested size: 260.16959pt x 195.1272pt.

Overfull \hbox (23.44073pt too wide) in paragraph at lines 1275--1275
[][] 
 []

<Figures/gap32.pdf, id=458, 578.16pt x 433.62pt>
File: Figures/gap32.pdf Graphic file (type pdf)
 <use Figures/gap32.pdf>
Package pdftex.def Info: Figures/gap32.pdf used on input line 1275.
(pdftex.def)             Requested size: 260.16959pt x 195.1272pt.

Overfull \hbox (18.8908pt too wide) in paragraph at lines 1275--1275
[][] 
 []

[22 <./Figures/ee221_50.pdf> <./Figures/ee223_50.pdf

pdfTeX warning: pdflatex (file ./Figures/ee223_50.pdf): PDF inclusion: multiple
 pdfs with page group included in a single page
>] <Figures/ee31_33.pdf, id=539, 578.16pt x 433.62pt>
File: Figures/ee31_33.pdf Graphic file (type pdf)

<use Figures/ee31_33.pdf>
Package pdftex.def Info: Figures/ee31_33.pdf used on input line 1289.
(pdftex.def)             Requested size: 260.16959pt x 195.1272pt.

Overfull \hbox (23.44073pt too wide) in paragraph at lines 1289--1289
[][] 
 []

<Figures/ee33_33.pdf, id=540, 578.16pt x 433.62pt>
File: Figures/ee33_33.pdf Graphic file (type pdf)
 <use Figures/ee33_33.pdf>
Package pdftex.def Info: Figures/ee33_33.pdf used on input line 1289.
(pdftex.def)             Requested size: 260.16959pt x 195.1272pt.

Overfull \hbox (18.8908pt too wide) in paragraph at lines 1289--1289
[][] 
 []

<Figures/ee321_33.pdf, id=541, 578.16pt x 433.62pt>
File: Figures/ee321_33.pdf Graphic file (type pdf)
 <use Figures/ee321_33.pdf>
Package pdftex.def Info: Figures/ee321_33.pdf used on input line 1303.
(pdftex.def)             Requested size: 260.16959pt x 195.1272pt.

Overfull \hbox (23.44073pt too wide) in paragraph at lines 1303--1303
[][] 
 []

<Figures/ee323_33.pdf, id=542, 578.16pt x 433.62pt>
File: Figures/ee323_33.pdf Graphic file (type pdf)
 <use Figures/ee323_33.pdf>
Package pdftex.def Info: Figures/ee323_33.pdf used on input line 1303.
(pdftex.def)             Requested size: 260.16959pt x 195.1272pt.

Overfull \hbox (18.8908pt too wide) in paragraph at lines 1303--1303
[][] 
 []

[23 <./Figures/gap3.pdf> <./Figures/gap32.pdf

pdfTeX warning: pdflatex (file ./Figures/gap32.pdf): PDF inclusion: multiple pd
fs with page group included in a single page
> <./Figures/ee31_33.pdf

pdfTeX warning: pdflatex (file ./Figures/ee31_33.pdf): PDF inclusion: multiple 
pdfs with page group included in a single page
> <./Figures/ee33_33.pdf

pdfTeX warning: pdflatex (file ./Figures/ee33_33.pdf): PDF inclusion: multiple 
pdfs with page group included in a single page
>] <Figures/gap4.pdf, id=696, 578.16pt x 433.62pt>
File: Figures/gap4.pdf Graphic file (type pdf)
 <use Figures/gap4.pdf>
Package pdftex.def Info: Figures/gap4.pdf used on input line 1333.
(pdftex.def)             Requested size: 289.07928pt x 216.80946pt.

[24 <./Figures/ee321_33.pdf> <./Figures/ee323_33.pdf

pdfTeX warning: pdflatex (file ./Figures/ee323_33.pdf): PDF inclusion: multiple
 pdfs with page group included in a single page
> <./Figures/gap4.pdf

pdfTeX warning: pdflatex (file ./Figures/gap4.pdf): PDF inclusion: multiple pdf
s with page group included in a single page
>] [25] <Figures/hamgap.pdf, id=814, 361.35pt x 359.3425pt>
File: Figures/hamgap.pdf Graphic file (type pdf)

<use Figures/hamgap.pdf>
Package pdftex.def Info: Figures/hamgap.pdf used on input line 1431.
(pdftex.def)             Requested size: 252.94327pt x 251.53802pt.
 [26]
<Figures/peierls.pdf, id=819, 513.0889pt x 121.62038pt>
File: Figures/peierls.pdf Graphic file (type pdf)

<use Figures/peierls.pdf>
Package pdftex.def Info: Figures/peierls.pdf used on input line 1454.
(pdftex.def)             Requested size: 487.43169pt x 115.5387pt.

Overfull \hbox (14.32631pt too wide) in paragraph at lines 1453--1455
[]  [] 
 []

[27 <./Figures/hamgap.pdf>] <Figures/spec.pdf, id=834, 578.16pt x 433.62pt>
File: Figures/spec.pdf Graphic file (type pdf)

<use Figures/spec.pdf>
Package pdftex.def Info: Figures/spec.pdf used on input line 1475.
(pdftex.def)             Requested size: 260.16959pt x 195.1272pt.

Overfull \hbox (23.44073pt too wide) in paragraph at lines 1475--1475
[][] 
 []

<Figures/scalspec.pdf, id=835, 578.16pt x 433.62pt>
File: Figures/scalspec.pdf Graphic file (type pdf)
 <use Figures/scalspec.pdf>
Package pdftex.def Info: Figures/scalspec.pdf used on input line 1475.
(pdftex.def)             Requested size: 260.16959pt x 195.1272pt.

Overfull \hbox (18.8908pt too wide) in paragraph at lines 1475--1475
[][] 
 []

[28 <./Figures/peierls.pdf> <./Figures/spec.pdf> <./Figures/scalspec.pdf

pdfTeX warning: pdflatex (file ./Figures/scalspec.pdf): PDF inclusion: multiple
 pdfs with page group included in a single page
>] [29] [30]
Missing character: There is no â in font cmr9!
Missing character: There is no € in font cmr9!
Missing character: There is no “ in font cmr9!
 (./Coprime_giuliano.end) [31] (./Coprime_giuliano.aux)

LaTeX Warning: There were multiply-defined labels.

 ) 
Here is how much of TeX's memory you used:
 4917 strings out of 493355
 65826 string characters out of 6141967
 154999 words of memory out of 5000000
 8247 multiletter control sequences out of 15000+600000
 12238 words of font info for 46 fonts, out of 8000000 for 9000
 957 hyphenation exceptions out of 8191
 38i,10n,24p,1625b,334s stack positions out of 5000i,500n,10000p,200000b,80000s
</usr/share/texlive/texmf-dist/fonts/type1/public/amsfonts/cm/cmbx10.pfb></us
r/share/texlive/texmf-dist/fonts/type1/public/amsfonts/cm/cmbx12.pfb></usr/shar
e/texlive/texmf-dist/fonts/type1/public/amsfonts/cm/cmbx9.pfb></usr/share/texli
ve/texmf-dist/fonts/type1/public/amsfonts/cm/cmex10.pfb></usr/share/texlive/tex
mf-dist/fonts/type1/public/amsfonts/cmextra/cmex7.pfb></usr/share/texlive/texmf
-dist/fonts/type1/public/amsfonts/cmextra/cmex9.pfb></usr/share/texlive/texmf-d
ist/fonts/type1/public/amsfonts/cm/cmmi10.pfb></usr/share/texlive/texmf-dist/fo
nts/type1/public/amsfonts/cm/cmmi5.pfb></usr/share/texlive/texmf-dist/fonts/typ
e1/public/amsfonts/cm/cmmi6.pfb></usr/share/texlive/texmf-dist/fonts/type1/publ
ic/amsfonts/cm/cmmi7.pfb></usr/share/texlive/texmf-dist/fonts/type1/public/amsf
onts/cm/cmmi8.pfb></usr/share/texlive/texmf-dist/fonts/type1/public/amsfonts/cm
/cmmi9.pfb></usr/share/texlive/texmf-dist/fonts/type1/public/amsfonts/cm/cmr10.
pfb></usr/share/texlive/texmf-dist/fonts/type1/public/amsfonts/cm/cmr12.pfb></u
sr/share/texlive/texmf-dist/fonts/type1/public/amsfonts/cm/cmr5.pfb></usr/share
/texlive/texmf-dist/fonts/type1/public/amsfonts/cm/cmr6.pfb></usr/share/texlive
/texmf-dist/fonts/type1/public/amsfonts/cm/cmr7.pfb></usr/share/texlive/texmf-d
ist/fonts/type1/public/amsfonts/cm/cmr9.pfb></usr/share/texlive/texmf-dist/font
s/type1/public/amsfonts/cm/cmsy10.pfb></usr/share/texlive/texmf-dist/fonts/type
1/public/amsfonts/cm/cmsy5.pfb></usr/share/texlive/texmf-dist/fonts/type1/publi
c/amsfonts/cm/cmsy6.pfb></usr/share/texlive/texmf-dist/fonts/type1/public/amsfo
nts/cm/cmsy7.pfb></usr/share/texlive/texmf-dist/fonts/type1/public/amsfonts/cm/
cmsy9.pfb></usr/share/texlive/texmf-dist/fonts/type1/public/amsfonts/cm/cmti10.
pfb></usr/share/texlive/texmf-dist/fonts/type1/public/amsfonts/cm/cmti7.pfb></u
sr/share/texlive/texmf-dist/fonts/type1/public/amsfonts/cm/cmti9.pfb></usr/shar
e/texlive/texmf-dist/fonts/type1/public/amsfonts/symbols/msbm10.pfb>
Output written on Coprime_giuliano.pdf (31 pages, 2218559 bytes).
PDF statistics:
 1041 PDF objects out of 1200 (max. 8388607)
 470 compressed objects within 5 object streams
 0 named destinations out of 1000 (max. 500000)
 161 words of extra memory for PDF output out of 10000 (max. 10000000)

